xrun(64): 19.03-s010: (c) Copyright 1995-2019 Cadence Design Systems, Inc.
TOOL:	xrun(64)	19.03-s010: Started on Apr 20, 2026 at 22:05:45 EDT
xrun
	src/dma_pkg.sv
	tb/tb_spi_psram_ctrl.sv
	src/spi_psram_ctrl.sv
Recompiling... reason: file './tb/tb_spi_psram_ctrl.sv' is newer than expected.
	expected: Mon Apr 20 22:01:11 2026
	actual:   Mon Apr 20 22:05:43 2026
file: tb/tb_spi_psram_ctrl.sv
	module worklib.psram_model:sv
		errors: 0, warnings: 0
	module worklib.tb_spi_psram_ctrl:sv
		errors: 0, warnings: 0
		Caching library 'worklib' ....... Done
	Elaborating the design hierarchy:
	Top level design units:
		dma_pkg
		$unit_0x168c3aa3
		tb_spi_psram_ctrl
xmelab: *W,DSEMEL: This SystemVerilog design will be simulated as per IEEE 1800-2009 SystemVerilog simulation semantics. Use -disable_sem2009 option for turning off SV 2009 simulation semantics.
  always_ff @(posedge sclk or posedge cs_n) begin
          |
xmelab: *E,MULAXX (./tb/tb_spi_psram_ctrl.sv,44|10): Multiple drivers to always_ff output variable state detected.
  always_ff @(posedge sclk or posedge cs_n) begin
          |
xmelab: *E,MULAXX (./tb/tb_spi_psram_ctrl.sv,44|10): Multiple drivers to always_ff output variable state detected.
  always_ff @(posedge sclk or posedge cs_n) begin
          |
xmelab: *E,MULAXX (./tb/tb_spi_psram_ctrl.sv,44|10): Multiple drivers to always_ff output variable state detected.
  always_ff @(posedge sclk or posedge cs_n) begin
          |
xmelab: *E,MULAXX (./tb/tb_spi_psram_ctrl.sv,44|10): Multiple drivers to always_ff output variable cmd_shift_reg detected.
  always_ff @(posedge sclk or posedge cs_n) begin
          |
xmelab: *E,MULAXX (./tb/tb_spi_psram_ctrl.sv,44|10): Multiple drivers to always_ff output variable cmd_shift_reg detected.
  always_ff @(posedge sclk or posedge cs_n) begin
          |
xmelab: *E,MULAXX (./tb/tb_spi_psram_ctrl.sv,44|10): Multiple drivers to always_ff output variable cmd_shift_reg detected.
  always_ff @(posedge sclk or posedge cs_n) begin
          |
xmelab: *E,MULAXX (./tb/tb_spi_psram_ctrl.sv,44|10): Multiple drivers to always_ff output variable cmd_shift_reg detected.
  always_ff @(posedge sclk or posedge cs_n) begin
          |
xmelab: *E,MULAXX (./tb/tb_spi_psram_ctrl.sv,44|10): Multiple drivers to always_ff output variable cmd_shift_reg detected.
  always_ff @(posedge sclk or posedge cs_n) begin
          |
xmelab: *E,MULAXX (./tb/tb_spi_psram_ctrl.sv,44|10): Multiple drivers to always_ff output variable cmd_shift_reg detected.
  always_ff @(posedge sclk or posedge cs_n) begin
          |
xmelab: *E,MULAXX (./tb/tb_spi_psram_ctrl.sv,44|10): Multiple drivers to always_ff output variable cmd_shift_reg detected.
  always_ff @(posedge sclk or posedge cs_n) begin
          |
xmelab: *E,MULAXX (./tb/tb_spi_psram_ctrl.sv,44|10): Multiple drivers to always_ff output variable cmd_shift_reg detected.
  always_ff @(posedge sclk or posedge cs_n) begin
          |
xmelab: *E,MULAXX (./tb/tb_spi_psram_ctrl.sv,44|10): Multiple drivers to always_ff output variable addr_shift_reg detected.
  always_ff @(posedge sclk or posedge cs_n) begin
          |
xmelab: *E,MULAXX (./tb/tb_spi_psram_ctrl.sv,44|10): Multiple drivers to always_ff output variable addr_shift_reg detected.
  always_ff @(posedge sclk or posedge cs_n) begin
          |
xmelab: *E,MULAXX (./tb/tb_spi_psram_ctrl.sv,44|10): Multiple drivers to always_ff output variable addr_shift_reg detected.
  always_ff @(posedge sclk or posedge cs_n) begin
          |
xmelab: *E,MULAXX (./tb/tb_spi_psram_ctrl.sv,44|10): Multiple drivers to always_ff output variable addr_shift_reg detected.
  always_ff @(posedge sclk or posedge cs_n) begin
          |
xmelab: *E,MULAXX (./tb/tb_spi_psram_ctrl.sv,44|10): Multiple drivers to always_ff output variable addr_shift_reg detected.
  always_ff @(posedge sclk or posedge cs_n) begin
          |
xmelab: *E,MULAXX (./tb/tb_spi_psram_ctrl.sv,44|10): Multiple drivers to always_ff output variable addr_shift_reg detected.
  always_ff @(posedge sclk or posedge cs_n) begin
          |
xmelab: *E,MULAXX (./tb/tb_spi_psram_ctrl.sv,44|10): Multiple drivers to always_ff output variable addr_shift_reg detected.
  always_ff @(posedge sclk or posedge cs_n) begin
          |
xmelab: *E,MULAXX (./tb/tb_spi_psram_ctrl.sv,44|10): Multiple drivers to always_ff output variable addr_shift_reg detected.
  always_ff @(posedge sclk or posedge cs_n) begin
          |
xmelab: *E,MULAXX (./tb/tb_spi_psram_ctrl.sv,44|10): Multiple drivers to always_ff output variable addr_shift_reg detected.
  always_ff @(posedge sclk or posedge cs_n) begin
          |
xmelab: *E,MULAXX (./tb/tb_spi_psram_ctrl.sv,44|10): Multiple drivers to always_ff output variable addr_shift_reg detected.
  always_ff @(posedge sclk or posedge cs_n) begin
          |
xmelab: *E,MULAXX (./tb/tb_spi_psram_ctrl.sv,44|10): Multiple drivers to always_ff output variable addr_shift_reg detected.
  always_ff @(posedge sclk or posedge cs_n) begin
          |
xmelab: *E,MULAXX (./tb/tb_spi_psram_ctrl.sv,44|10): Multiple drivers to always_ff output variable addr_shift_reg detected.
  always_ff @(posedge sclk or posedge cs_n) begin
          |
xmelab: *E,MULAXX (./tb/tb_spi_psram_ctrl.sv,44|10): Multiple drivers to always_ff output variable addr_shift_reg detected.
  always_ff @(posedge sclk or posedge cs_n) begin
          |
xmelab: *E,MULAXX (./tb/tb_spi_psram_ctrl.sv,44|10): Multiple drivers to always_ff output variable addr_shift_reg detected.
  always_ff @(posedge sclk or posedge cs_n) begin
          |
xmelab: *E,MULAXX (./tb/tb_spi_psram_ctrl.sv,44|10): Multiple drivers to always_ff output variable addr_shift_reg detected.
  always_ff @(posedge sclk or posedge cs_n) begin
          |
xmelab: *E,MULAXX (./tb/tb_spi_psram_ctrl.sv,44|10): Multiple drivers to always_ff output variable addr_shift_reg detected.
  always_ff @(posedge sclk or posedge cs_n) begin
          |
xmelab: *E,MULAXX (./tb/tb_spi_psram_ctrl.sv,44|10): Multiple drivers to always_ff output variable addr_shift_reg detected.
  always_ff @(posedge sclk or posedge cs_n) begin
          |
xmelab: *E,MULAXX (./tb/tb_spi_psram_ctrl.sv,44|10): Multiple drivers to always_ff output variable addr_shift_reg detected.
  always_ff @(posedge sclk or posedge cs_n) begin
          |
xmelab: *E,MULAXX (./tb/tb_spi_psram_ctrl.sv,44|10): Multiple drivers to always_ff output variable addr_shift_reg detected.
  always_ff @(posedge sclk or posedge cs_n) begin
          |
xmelab: *E,MULAXX (./tb/tb_spi_psram_ctrl.sv,44|10): Multiple drivers to always_ff output variable addr_shift_reg detected.
  always_ff @(posedge sclk or posedge cs_n) begin
          |
xmelab: *E,MULAXX (./tb/tb_spi_psram_ctrl.sv,44|10): Multiple drivers to always_ff output variable addr_shift_reg detected.
  always_ff @(posedge sclk or posedge cs_n) begin
          |
xmelab: *E,MULAXX (./tb/tb_spi_psram_ctrl.sv,44|10): Multiple drivers to always_ff output variable addr_shift_reg detected.
  always_ff @(posedge sclk or posedge cs_n) begin
          |
xmelab: *E,MULAXX (./tb/tb_spi_psram_ctrl.sv,44|10): Multiple drivers to always_ff output variable addr_shift_reg detected.
  always_ff @(posedge sclk or posedge cs_n) begin
          |
xmelab: *E,MULAXX (./tb/tb_spi_psram_ctrl.sv,44|10): Multiple drivers to always_ff output variable addr_shift_reg detected.
  always_ff @(posedge sclk or posedge cs_n) begin
          |
xmelab: *E,MULAXX (./tb/tb_spi_psram_ctrl.sv,44|10): Multiple drivers to always_ff output variable data_shift_reg detected.
  always_ff @(posedge sclk or posedge cs_n) begin
          |
xmelab: *E,MULAXX (./tb/tb_spi_psram_ctrl.sv,44|10): Multiple drivers to always_ff output variable data_shift_reg detected.
  always_ff @(posedge sclk or posedge cs_n) begin
          |
xmelab: *E,MULAXX (./tb/tb_spi_psram_ctrl.sv,44|10): Multiple drivers to always_ff output variable data_shift_reg detected.
  always_ff @(posedge sclk or posedge cs_n) begin
          |
xmelab: *E,MULAXX (./tb/tb_spi_psram_ctrl.sv,44|10): Multiple drivers to always_ff output variable data_shift_reg detected.
  always_ff @(posedge sclk or posedge cs_n) begin
          |
xmelab: *E,MULAXX (./tb/tb_spi_psram_ctrl.sv,44|10): Multiple drivers to always_ff output variable data_shift_reg detected.
  always_ff @(posedge sclk or posedge cs_n) begin
          |
xmelab: *E,MULAXX (./tb/tb_spi_psram_ctrl.sv,44|10): Multiple drivers to always_ff output variable data_shift_reg detected.
  always_ff @(posedge sclk or posedge cs_n) begin
          |
xmelab: *E,MULAXX (./tb/tb_spi_psram_ctrl.sv,44|10): Multiple drivers to always_ff output variable data_shift_reg detected.
  always_ff @(posedge sclk or posedge cs_n) begin
          |
xmelab: *E,MULAXX (./tb/tb_spi_psram_ctrl.sv,44|10): Multiple drivers to always_ff output variable data_shift_reg detected.
  always_ff @(posedge sclk or posedge cs_n) begin
          |
xmelab: *E,MULAXX (./tb/tb_spi_psram_ctrl.sv,44|10): Multiple drivers to always_ff output variable bit_count detected.
  always_ff @(posedge sclk or posedge cs_n) begin
          |
xmelab: *E,MULAXX (./tb/tb_spi_psram_ctrl.sv,44|10): Multiple drivers to always_ff output variable bit_count detected.
  always_ff @(posedge sclk or posedge cs_n) begin
          |
xmelab: *E,MULAXX (./tb/tb_spi_psram_ctrl.sv,44|10): Multiple drivers to always_ff output variable bit_count detected.
  always_ff @(posedge sclk or posedge cs_n) begin
          |
xmelab: *E,MULAXX (./tb/tb_spi_psram_ctrl.sv,44|10): Multiple drivers to always_ff output variable bit_count detected.
  always_ff @(posedge sclk or posedge cs_n) begin
          |
xmelab: *E,MULAXX (./tb/tb_spi_psram_ctrl.sv,44|10): Multiple drivers to always_ff output variable bit_count detected.
  always_ff @(posedge sclk or posedge cs_n) begin
          |
xmelab: *E,MULAXX (./tb/tb_spi_psram_ctrl.sv,44|10): Multiple drivers to always_ff output variable bit_count detected.
  always_ff @(posedge sclk or posedge cs_n) begin
          |
xmelab: *E,MULAXX (./tb/tb_spi_psram_ctrl.sv,44|10): Multiple drivers to always_ff output variable reset_enable_seen detected.
xrun: *E,ELBERR: Error during elaboration (status 1), exiting.
TOOL:	xrun(64)	19.03-s010: Exiting on Apr 20, 2026 at 22:05:45 EDT  (total: 00:00:00)
